#
# There is insufficient memory for the Java Runtime Environment to continue.
# Native memory allocation (malloc) failed to allocate 1712336 bytes for Chunk::new
# Possible reasons:
#   The system is out of physical RAM or swap space
#   The process is running with CompressedOops enabled, and the Java Heap may be blocking the growth of the native heap
# Possible solutions:
#   Reduce memory load on the system
#   Increase physical memory or swap space
#   Check if swap backing store is full
#   Decrease Java heap size (-Xmx/-Xms)
#   Decrease number of Java threads
#   Decrease Java thread stack sizes (-Xss)
#   Set larger code cache with -XX:ReservedCodeCacheSize=
#   JVM is running with Unscaled Compressed Oops mode in which the Java heap is
#     placed in the first 4GB address space. The Java Heap base address is the
#     maximum limit for the native heap growth. Please use -XX:HeapBaseMinAddress
#     to set the Java Heap base and to place the Java Heap above 4GB virtual address.
# This output file may be truncated or incomplete.
#
#  Out of Memory Error (arena.cpp:184), pid=8992, tid=9408
#
# JRE version: Java(TM) SE Runtime Environment (19.0.1+10) (build 19.0.1+10-21)
# Java VM: Java HotSpot(TM) 64-Bit Server VM (19.0.1+10-21, mixed mode, sharing, tiered, compressed oops, compressed class ptrs, g1 gc, windows-amd64)
# No core dump will be written. Minidumps are not enabled by default on client versions of Windows
#

---------------  S U M M A R Y ------------

Command Line: com.example.practica1.Practica1Application

Host: Intel(R) Core(TM) i5-10400 CPU @ 2.90GHz, 12 cores, 7G,  Windows 10 , 64 bit Build 19041 (10.0.19041.207)
Time: Thu Jan 12 19:28:38 2023 Hora estándar este, Sudamérica elapsed time: 23.781027 seconds (0d 0h 0m 23s)

---------------  T H R E A D  ---------------

Current thread (0x000001f6cb50fa80):  JavaThread "C2 CompilerThread1" daemon [_thread_in_native, id=9408, stack(0x000000a5c1500000,0x000000a5c1600000)]


Current CompileTask:
C2:  23781 10863   !   4       org.springframework.web.servlet.DispatcherServlet::doDispatch (543 bytes)

Stack: [0x000000a5c1500000,0x000000a5c1600000]
Native frames: (J=compiled Java code, j=interpreted, Vv=VM code, C=native code)
V  [jvm.dll+0x6ee8fa]
V  [jvm.dll+0x857a1e]
V  [jvm.dll+0x85940e]
V  [jvm.dll+0x859ac3]
V  [jvm.dll+0x28291f]
V  [jvm.dll+0xc9b5f]
V  [jvm.dll+0xc9ee5]
V  [jvm.dll+0x3bcb72]
V  [jvm.dll+0x1ee31a]
V  [jvm.dll+0x24c41b]
V  [jvm.dll+0x24b671]
V  [jvm.dll+0x1d6d61]
V  [jvm.dll+0x25b0fa]
V  [jvm.dll+0x259588]
V  [jvm.dll+0x807928]
V  [jvm.dll+0x8015fa]
V  [jvm.dll+0x6ed5eb]
C  [ucrtbase.dll+0x21542]
C  [KERNEL32.DLL+0x16fd4]
C  [ntdll.dll+0x4cec1]


---------------  P R O C E S S  ---------------

Threads class SMR info:
_java_thread_list=0x000001f6cd2a66d0, length=41, elements={
0x000001f6c47cf740, 0x000001f6c47d0270, 0x000001f6c47d35b0, 0x000001f6c47d3ee0,
0x000001f6c47d4810, 0x000001f6c47d7290, 0x000001f6c47dd540, 0x000001f6c47e6000,
0x000001f6c47f22e0, 0x000001f6c8cf4e50, 0x000001f6c8cfc640, 0x000001f6cb942510,
0x000001f6ca5cb3c0, 0x000001f6cadfc020, 0x000001f6cb83ec50, 0x000001f6cb83f1a0,
0x000001f6cb840190, 0x000001f6cb50fa80, 0x000001f6cb83f6f0, 0x000001f6cb83e700,
0x000001f6cb83dc60, 0x000001f6cb83fc40, 0x000001f6cb83d710, 0x000001f6cb83cc70,
0x000001f6cb83d1c0, 0x000001f6cbc79a00, 0x000001f6cbc77f70, 0x000001f6cbc74500,
0x000001f6cbc784c0, 0x000001f6cbc77a20, 0x000001f6cbc75a40, 0x000001f6cbc73fb0,
0x000001f6cbc73510, 0x000001f6cbc74a50, 0x000001f6cbc754f0, 0x000001f6cbc75f90,
0x000001f6cbc764e0, 0x000001f6cbc76a30, 0x000001f6cbc79f50, 0x000001f6cbc76f80,
0x000001f6cbc78a10
}

Java Threads: ( => current thread )
  0x000001f6c47cf740 JavaThread "Reference Handler" daemon [_thread_blocked, id=5256, stack(0x000000a5bf600000,0x000000a5bf700000)]
  0x000001f6c47d0270 JavaThread "Finalizer" daemon [_thread_blocked, id=1276, stack(0x000000a5bf700000,0x000000a5bf800000)]
  0x000001f6c47d35b0 JavaThread "Signal Dispatcher" daemon [_thread_blocked, id=7212, stack(0x000000a5bf800000,0x000000a5bf900000)]
  0x000001f6c47d3ee0 JavaThread "Attach Listener" daemon [_thread_blocked, id=6696, stack(0x000000a5bf900000,0x000000a5bfa00000)]
  0x000001f6c47d4810 JavaThread "Service Thread" daemon [_thread_blocked, id=3136, stack(0x000000a5bfa00000,0x000000a5bfb00000)]
  0x000001f6c47d7290 JavaThread "Monitor Deflation Thread" daemon [_thread_blocked, id=8292, stack(0x000000a5bfb00000,0x000000a5bfc00000)]
  0x000001f6c47dd540 JavaThread "C2 CompilerThread0" daemon [_thread_in_native, id=9024, stack(0x000000a5bfc00000,0x000000a5bfd00000)]
  0x000001f6c47e6000 JavaThread "C1 CompilerThread0" daemon [_thread_blocked, id=20452, stack(0x000000a5bfd00000,0x000000a5bfe00000)]
  0x000001f6c47f22e0 JavaThread "Sweeper thread" daemon [_thread_blocked, id=19112, stack(0x000000a5bfe00000,0x000000a5bff00000)]
  0x000001f6c8cf4e50 JavaThread "Notification Thread" daemon [_thread_blocked, id=5148, stack(0x000000a5bff00000,0x000000a5c0000000)]
  0x000001f6c8cfc640 JavaThread "Common-Cleaner" daemon [_thread_blocked, id=8236, stack(0x000000a5c0100000,0x000000a5c0200000)]
  0x000001f6cb942510 JavaThread "Catalina-utility-1" [_thread_blocked, id=9008, stack(0x000000a5c1000000,0x000000a5c1100000)]
  0x000001f6ca5cb3c0 JavaThread "Catalina-utility-2" [_thread_blocked, id=17944, stack(0x000000a5c1100000,0x000000a5c1200000)]
  0x000001f6cadfc020 JavaThread "container-0" [_thread_blocked, id=19164, stack(0x000000a5c1200000,0x000000a5c1300000)]
  0x000001f6cb83ec50 JavaThread "mysql-cj-abandoned-connection-cleanup" daemon [_thread_blocked, id=17352, stack(0x000000a5c1300000,0x000000a5c1400000)]
  0x000001f6cb83f1a0 JavaThread "HikariPool-1 housekeeper" daemon [_thread_blocked, id=10108, stack(0x000000a5c1400000,0x000000a5c1500000)]
  0x000001f6cb840190 JavaThread "HikariPool-1 connection adder" daemon [_thread_blocked, id=2328, stack(0x000000a5c1600000,0x000000a5c1700000)]
=>0x000001f6cb50fa80 JavaThread "C2 CompilerThread1" daemon [_thread_in_native, id=9408, stack(0x000000a5c1500000,0x000000a5c1600000)]
  0x000001f6cb83f6f0 JavaThread "File Watcher" daemon [_thread_blocked, id=2776, stack(0x000000a5c1700000,0x000000a5c1800000)]
  0x000001f6cb83e700 JavaThread "Live Reload Server" daemon [_thread_in_native, id=17168, stack(0x000000a5c1900000,0x000000a5c1a00000)]
  0x000001f6cb83dc60 JavaThread "http-nio-8080-exec-1" daemon [_thread_in_native, id=6492, stack(0x000000a5c1800000,0x000000a5c1900000)]
  0x000001f6cb83fc40 JavaThread "http-nio-8080-exec-2" daemon [_thread_blocked, id=16980, stack(0x000000a5c1a00000,0x000000a5c1b00000)]
  0x000001f6cb83d710 JavaThread "http-nio-8080-exec-3" daemon [_thread_blocked, id=11668, stack(0x000000a5c1b00000,0x000000a5c1c00000)]
  0x000001f6cb83cc70 JavaThread "http-nio-8080-exec-4" daemon [_thread_blocked, id=14372, stack(0x000000a5c1c00000,0x000000a5c1d00000)]
  0x000001f6cb83d1c0 JavaThread "http-nio-8080-exec-5" daemon [_thread_blocked, id=3216, stack(0x000000a5c1d00000,0x000000a5c1e00000)]
  0x000001f6cbc79a00 JavaThread "http-nio-8080-exec-6" daemon [_thread_blocked, id=18636, stack(0x000000a5c1e00000,0x000000a5c1f00000)]
  0x000001f6cbc77f70 JavaThread "http-nio-8080-exec-7" daemon [_thread_blocked, id=16932, stack(0x000000a5c1f00000,0x000000a5c2000000)]
  0x000001f6cbc74500 JavaThread "http-nio-8080-exec-8" daemon [_thread_blocked, id=11608, stack(0x000000a5c2000000,0x000000a5c2100000)]
  0x000001f6cbc784c0 JavaThread "http-nio-8080-exec-9" daemon [_thread_blocked, id=19180, stack(0x000000a5c2100000,0x000000a5c2200000)]
  0x000001f6cbc77a20 JavaThread "http-nio-8080-exec-10" daemon [_thread_blocked, id=2460, stack(0x000000a5c2200000,0x000000a5c2300000)]
  0x000001f6cbc75a40 JavaThread "http-nio-8080-Poller" daemon [_thread_in_native, id=17672, stack(0x000000a5c2300000,0x000000a5c2400000)]
  0x000001f6cbc73fb0 JavaThread "http-nio-8080-Acceptor" daemon [_thread_in_native, id=16312, stack(0x000000a5c2400000,0x000000a5c2500000)]
  0x000001f6cbc73510 JavaThread "DestroyJavaVM" [_thread_blocked, id=20164, stack(0x000000a5bef00000,0x000000a5bf000000)]
  0x000001f6cbc74a50 JavaThread "http-nio-8080-exec-11" daemon [_thread_in_Java, id=576, stack(0x000000a5c0300000,0x000000a5c0400000)]
  0x000001f6cbc754f0 JavaThread "http-nio-8080-exec-12" daemon [_thread_in_Java, id=9864, stack(0x000000a5c0400000,0x000000a5c0500000)]
  0x000001f6cbc75f90 JavaThread "http-nio-8080-exec-13" daemon [_thread_in_native, id=11676, stack(0x000000a5c2500000,0x000000a5c2600000)]
  0x000001f6cbc764e0 JavaThread "http-nio-8080-exec-14" daemon [_thread_blocked, id=4020, stack(0x000000a5c2600000,0x000000a5c2700000)]
  0x000001f6cbc76a30 JavaThread "http-nio-8080-exec-15" daemon [_thread_in_native, id=8004, stack(0x000000a5c2700000,0x000000a5c2800000)]
  0x000001f6cbc79f50 JavaThread "http-nio-8080-exec-16" daemon [_thread_in_native, id=9976, stack(0x000000a5c2800000,0x000000a5c2900000)]
  0x000001f6cbc76f80 JavaThread "http-nio-8080-exec-17" daemon [_thread_blocked, id=9624, stack(0x000000a5c2900000,0x000000a5c2a00000)]
  0x000001f6cbc78a10 JavaThread "http-nio-8080-exec-18" daemon [_thread_blocked, id=14924, stack(0x000000a5c2a00000,0x000000a5c2b00000)]

Other Threads:
  0x000001f6c47b4880 VMThread "VM Thread" [stack: 0x000000a5bf500000,0x000000a5bf600000] [id=8064]
  0x000001f6c8cf67d0 WatcherThread "VM Periodic Task Thread" [stack: 0x000000a5c0000000,0x000000a5c0100000] [id=16944]
  0x000001f6a5caa990 WorkerThread "GC Thread#0" [stack: 0x000000a5bf000000,0x000000a5bf100000] [id=2416]
  0x000001f6c97de530 WorkerThread "GC Thread#1" [stack: 0x000000a5c0500000,0x000000a5c0600000] [id=19508]
  0x000001f6c97df610 WorkerThread "GC Thread#2" [stack: 0x000000a5c0600000,0x000000a5c0700000] [id=15312]
  0x000001f6c97ddcc0 WorkerThread "GC Thread#3" [stack: 0x000000a5c0700000,0x000000a5c0800000] [id=15892]
  0x000001f6c97dd9f0 WorkerThread "GC Thread#4" [stack: 0x000000a5c0800000,0x000000a5c0900000] [id=1800]
  0x000001f6c97de800 WorkerThread "GC Thread#5" [stack: 0x000000a5c0900000,0x000000a5c0a00000] [id=14240]
  0x000001f6c97df340 WorkerThread "GC Thread#6" [stack: 0x000000a5c0a00000,0x000000a5c0b00000] [id=5608]
  0x000001f6c97dead0 WorkerThread "GC Thread#7" [stack: 0x000000a5c0b00000,0x000000a5c0c00000] [id=17580]
  0x000001f6c97df070 WorkerThread "GC Thread#8" [stack: 0x000000a5c0d00000,0x000000a5c0e00000] [id=2556]
  0x000001f6c97ddf90 WorkerThread "GC Thread#9" [stack: 0x000000a5c0e00000,0x000000a5c0f00000] [id=8880]
  0x000001f6a5cbc5b0 ConcurrentGCThread "G1 Main Marker" [stack: 0x000000a5bf100000,0x000000a5bf200000] [id=10592]
  0x000001f6a5cbd780 WorkerThread "G1 Conc#0" [stack: 0x000000a5bf200000,0x000000a5bf300000] [id=18448]
  0x000001f6cb127380 WorkerThread "G1 Conc#1" [stack: 0x000000a5c0c00000,0x000000a5c0d00000] [id=19928]
  0x000001f6cb126b10 WorkerThread "G1 Conc#2" [stack: 0x000000a5c0f00000,0x000000a5c1000000] [id=5032]
  0x000001f6a5d0ea70 ConcurrentGCThread "G1 Refine#0" [stack: 0x000000a5bf300000,0x000000a5bf400000] [id=19188]
  0x000001f6c466fa40 ConcurrentGCThread "G1 Service" [stack: 0x000000a5bf400000,0x000000a5bf500000] [id=16172]

Threads with active compile tasks:
C2 CompilerThread0    23845 10890   !   4       org.hibernate.loader.plan.exec.internal.AbstractLoadPlanBasedLoader::prepareQueryStatement (428 bytes)
C2 CompilerThread1    23845 10863   !   4       org.springframework.web.servlet.DispatcherServlet::doDispatch (543 bytes)

VM state: not at safepoint (normal execution)

VM Mutex/Monitor currently owned by a thread: None

Heap address: 0x0000000082e00000, size: 2002 MB, Compressed Oops mode: 32-bit

CDS archive(s) mapped at: [0x0000000800000000-0x0000000800c40000-0x0000000800c40000), size 12845056, SharedBaseAddress: 0x0000000800000000, ArchiveRelocationMode: 0.
Compressed class space mapped at: 0x0000000801000000-0x0000000841000000, reserved size: 1073741824
Narrow klass base: 0x0000000800000000, Narrow klass shift: 0, Narrow klass range: 0x100000000

GC Precious Log:
 CardTable entry size: 512
 Card Set container configuration: InlinePtr #cards 5 size 8 Array Of Cards #cards 12 size 40 Howl #buckets 4 coarsen threshold 1843 Howl Bitmap #cards 512 size 80 coarsen threshold 460 Card regions per heap region 1 cards per card region 2048
 CPUs: 12 total, 12 available
 Memory: 8004M
 Large Page Support: Disabled
 NUMA Support: Disabled
 Compressed Oops: Enabled (32-bit)
 Heap Region Size: 1M
 Heap Min Capacity: 8M
 Heap Initial Capacity: 126M
 Heap Max Capacity: 2002M
 Pre-touch: Disabled
 Parallel Workers: 10
 Concurrent Workers: 3
 Concurrent Refinement Workers: 10
 Periodic GC: Disabled

Heap:
 garbage-first heap   total 76800K, used 33142K [0x0000000082e00000, 0x0000000100000000)
  region size 1024K, 6 young (6144K), 1 survivors (1024K)
 Metaspace       used 61708K, committed 62208K, reserved 1114112K
  class space    used 7761K, committed 8000K, reserved 1048576K

Heap Regions: E=young(eden), S=young(survivor), O=old, HS=humongous(starts), HC=humongous(continues), CS=collection set, F=free, OA=open archive, CA=closed archive, TAMS=top-at-mark-start (previous, next)
|   0|0x0000000082e00000, 0x0000000082f00000, 0x0000000082f00000|100%|HS|  |TAMS 0x0000000082f00000, 0x0000000082e00000| Complete 
|   1|0x0000000082f00000, 0x0000000083000000, 0x0000000083000000|100%| O|  |TAMS 0x0000000083000000, 0x0000000082f00000| Untracked 
|   2|0x0000000083000000, 0x0000000083100000, 0x0000000083100000|100%| O|  |TAMS 0x0000000083100000, 0x0000000083000000| Untracked 
|   3|0x0000000083100000, 0x0000000083200000, 0x0000000083200000|100%| O|  |TAMS 0x0000000083200000, 0x0000000083100000| Untracked 
|   4|0x0000000083200000, 0x0000000083300000, 0x0000000083300000|100%| O|  |TAMS 0x0000000083300000, 0x0000000083200000| Untracked 
|   5|0x0000000083300000, 0x0000000083400000, 0x0000000083400000|100%| O|  |TAMS 0x0000000083400000, 0x0000000083300000| Untracked 
|   6|0x0000000083400000, 0x0000000083500000, 0x0000000083500000|100%| O|  |TAMS 0x0000000083500000, 0x0000000083400000| Untracked 
|   7|0x0000000083500000, 0x0000000083600000, 0x0000000083600000|100%| O|  |TAMS 0x0000000083600000, 0x0000000083500000| Untracked 
|   8|0x0000000083600000, 0x0000000083600000, 0x0000000083700000|  0%| F|  |TAMS 0x0000000083600000, 0x0000000083600000| Untracked 
|   9|0x0000000083700000, 0x0000000083800000, 0x0000000083800000|100%| O|  |TAMS 0x0000000083800000, 0x0000000083700000| Untracked 
|  10|0x0000000083800000, 0x0000000083900000, 0x0000000083900000|100%| O|  |TAMS 0x0000000083900000, 0x0000000083800000| Untracked 
|  11|0x0000000083900000, 0x0000000083a00000, 0x0000000083a00000|100%| O|  |TAMS 0x0000000083a00000, 0x0000000083900000| Untracked 
|  12|0x0000000083a00000, 0x0000000083b00000, 0x0000000083b00000|100%| O|  |TAMS 0x0000000083b00000, 0x0000000083a00000| Untracked 
|  13|0x0000000083b00000, 0x0000000083c00000, 0x0000000083c00000|100%| O|  |TAMS 0x0000000083c00000, 0x0000000083b00000| Untracked 
|  14|0x0000000083c00000, 0x0000000083d00000, 0x0000000083d00000|100%| O|  |TAMS 0x0000000083d00000, 0x0000000083c00000| Untracked 
|  15|0x0000000083d00000, 0x0000000083e00000, 0x0000000083e00000|100%| O|  |TAMS 0x0000000083e00000, 0x0000000083d00000| Untracked 
|  16|0x0000000083e00000, 0x0000000083f00000, 0x0000000083f00000|100%| O|  |TAMS 0x0000000083f00000, 0x0000000083e00000| Untracked 
|  17|0x0000000083f00000, 0x0000000084000000, 0x0000000084000000|100%| O|  |TAMS 0x0000000084000000, 0x0000000083f00000| Untracked 
|  18|0x0000000084000000, 0x0000000084100000, 0x0000000084100000|100%| O|  |TAMS 0x0000000084100000, 0x0000000084000000| Untracked 
|  19|0x0000000084100000, 0x0000000084200000, 0x0000000084200000|100%| O|  |TAMS 0x0000000084200000, 0x0000000084100000| Untracked 
|  20|0x0000000084200000, 0x0000000084300000, 0x0000000084300000|100%| O|  |TAMS 0x0000000084300000, 0x0000000084200000| Untracked 
|  21|0x0000000084300000, 0x0000000084400000, 0x0000000084400000|100%| O|  |TAMS 0x0000000084400000, 0x0000000084300000| Untracked 
|  22|0x0000000084400000, 0x0000000084500000, 0x0000000084500000|100%| O|  |TAMS 0x0000000084500000, 0x0000000084400000| Untracked 
|  23|0x0000000084500000, 0x0000000084600000, 0x0000000084600000|100%| O|  |TAMS 0x0000000084600000, 0x0000000084500000| Untracked 
|  24|0x0000000084600000, 0x0000000084700000, 0x0000000084700000|100%| O|  |TAMS 0x0000000084700000, 0x0000000084600000| Untracked 
|  25|0x0000000084700000, 0x0000000084800000, 0x0000000084800000|100%| O|  |TAMS 0x0000000084800000, 0x0000000084700000| Untracked 
|  26|0x0000000084800000, 0x0000000084900000, 0x0000000084900000|100%| O|  |TAMS 0x0000000084900000, 0x0000000084800000| Untracked 
|  27|0x0000000084900000, 0x00000000849b4000, 0x0000000084a00000| 70%| O|  |TAMS 0x0000000084900000, 0x0000000084900000| Untracked 
|  28|0x0000000084a00000, 0x0000000084b00000, 0x0000000084b00000|100%| O|  |TAMS 0x0000000084acf600, 0x0000000084a00000| Untracked 
|  29|0x0000000084b00000, 0x0000000084b00000, 0x0000000084c00000|  0%| F|  |TAMS 0x0000000084b00000, 0x0000000084b00000| Untracked 
|  30|0x0000000084c00000, 0x0000000084c00000, 0x0000000084d00000|  0%| F|  |TAMS 0x0000000084c00000, 0x0000000084c00000| Untracked 
|  31|0x0000000084d00000, 0x0000000084d00000, 0x0000000084e00000|  0%| F|  |TAMS 0x0000000084d00000, 0x0000000084d00000| Untracked 
|  32|0x0000000084e00000, 0x0000000084e00000, 0x0000000084f00000|  0%| F|  |TAMS 0x0000000084e00000, 0x0000000084e00000| Untracked 
|  33|0x0000000084f00000, 0x0000000084f00000, 0x0000000085000000|  0%| F|  |TAMS 0x0000000084f00000, 0x0000000084f00000| Untracked 
|  34|0x0000000085000000, 0x0000000085000000, 0x0000000085100000|  0%| F|  |TAMS 0x0000000085000000, 0x0000000085000000| Untracked 
|  35|0x0000000085100000, 0x0000000085100000, 0x0000000085200000|  0%| F|  |TAMS 0x0000000085100000, 0x0000000085100000| Untracked 
|  36|0x0000000085200000, 0x00000000852a9b98, 0x0000000085300000| 66%| S|CS|TAMS 0x0000000085200000, 0x0000000085200000| Complete 
|  37|0x0000000085300000, 0x0000000085300000, 0x0000000085400000|  0%| F|  |TAMS 0x0000000085300000, 0x0000000085300000| Untracked 
|  38|0x0000000085400000, 0x0000000085400000, 0x0000000085500000|  0%| F|  |TAMS 0x0000000085400000, 0x0000000085400000| Untracked 
|  39|0x0000000085500000, 0x0000000085500000, 0x0000000085600000|  0%| F|  |TAMS 0x0000000085500000, 0x0000000085500000| Untracked 
|  40|0x0000000085600000, 0x0000000085600000, 0x0000000085700000|  0%| F|  |TAMS 0x0000000085600000, 0x0000000085600000| Untracked 
|  41|0x0000000085700000, 0x0000000085700000, 0x0000000085800000|  0%| F|  |TAMS 0x0000000085700000, 0x0000000085700000| Untracked 
|  42|0x0000000085800000, 0x0000000085800000, 0x0000000085900000|  0%| F|  |TAMS 0x0000000085800000, 0x0000000085800000| Untracked 
|  43|0x0000000085900000, 0x0000000085900000, 0x0000000085a00000|  0%| F|  |TAMS 0x0000000085900000, 0x0000000085900000| Untracked 
|  44|0x0000000085a00000, 0x0000000085a00000, 0x0000000085b00000|  0%| F|  |TAMS 0x0000000085a00000, 0x0000000085a00000| Untracked 
|  45|0x0000000085b00000, 0x0000000085b00000, 0x0000000085c00000|  0%| F|  |TAMS 0x0000000085b00000, 0x0000000085b00000| Untracked 
|  46|0x0000000085c00000, 0x0000000085c00000, 0x0000000085d00000|  0%| F|  |TAMS 0x0000000085c00000, 0x0000000085c00000| Untracked 
|  47|0x0000000085d00000, 0x0000000085d00000, 0x0000000085e00000|  0%| F|  |TAMS 0x0000000085d00000, 0x0000000085d00000| Untracked 
|  48|0x0000000085e00000, 0x0000000085e00000, 0x0000000085f00000|  0%| F|  |TAMS 0x0000000085e00000, 0x0000000085e00000| Untracked 
|  49|0x0000000085f00000, 0x0000000085f00000, 0x0000000086000000|  0%| F|  |TAMS 0x0000000085f00000, 0x0000000085f00000| Untracked 
|  50|0x0000000086000000, 0x0000000086000000, 0x0000000086100000|  0%| F|  |TAMS 0x0000000086000000, 0x0000000086000000| Untracked 
|  51|0x0000000086100000, 0x0000000086100000, 0x0000000086200000|  0%| F|  |TAMS 0x0000000086100000, 0x0000000086100000| Untracked 
|  52|0x0000000086200000, 0x0000000086200000, 0x0000000086300000|  0%| F|  |TAMS 0x0000000086200000, 0x0000000086200000| Untracked 
|  53|0x0000000086300000, 0x0000000086300000, 0x0000000086400000|  0%| F|  |TAMS 0x0000000086300000, 0x0000000086300000| Untracked 
|  54|0x0000000086400000, 0x0000000086400000, 0x0000000086500000|  0%| F|  |TAMS 0x0000000086400000, 0x0000000086400000| Untracked 
|  55|0x0000000086500000, 0x0000000086500000, 0x0000000086600000|  0%| F|  |TAMS 0x0000000086500000, 0x0000000086500000| Untracked 
|  56|0x0000000086600000, 0x0000000086600000, 0x0000000086700000|  0%| F|  |TAMS 0x0000000086600000, 0x0000000086600000| Untracked 
|  57|0x0000000086700000, 0x0000000086700000, 0x0000000086800000|  0%| F|  |TAMS 0x0000000086700000, 0x0000000086700000| Untracked 
|  58|0x0000000086800000, 0x0000000086800000, 0x0000000086900000|  0%| F|  |TAMS 0x0000000086800000, 0x0000000086800000| Untracked 
|  59|0x0000000086900000, 0x0000000086900000, 0x0000000086a00000|  0%| F|  |TAMS 0x0000000086900000, 0x0000000086900000| Untracked 
|  60|0x0000000086a00000, 0x0000000086a00000, 0x0000000086b00000|  0%| F|  |TAMS 0x0000000086a00000, 0x0000000086a00000| Untracked 
|  61|0x0000000086b00000, 0x0000000086b00000, 0x0000000086c00000|  0%| F|  |TAMS 0x0000000086b00000, 0x0000000086b00000| Untracked 
|  62|0x0000000086c00000, 0x0000000086c00000, 0x0000000086d00000|  0%| F|  |TAMS 0x0000000086c00000, 0x0000000086c00000| Untracked 
|  63|0x0000000086d00000, 0x0000000086d00000, 0x0000000086e00000|  0%| F|  |TAMS 0x0000000086d00000, 0x0000000086d00000| Untracked 
|  64|0x0000000086e00000, 0x0000000086e00000, 0x0000000086f00000|  0%| F|  |TAMS 0x0000000086e00000, 0x0000000086e00000| Untracked 
|  65|0x0000000086f00000, 0x0000000086f00000, 0x0000000087000000|  0%| F|  |TAMS 0x0000000086f00000, 0x0000000086f00000| Untracked 
|  66|0x0000000087000000, 0x0000000087000000, 0x0000000087100000|  0%| F|  |TAMS 0x0000000087000000, 0x0000000087000000| Untracked 
|  67|0x0000000087100000, 0x0000000087100000, 0x0000000087200000|  0%| F|  |TAMS 0x0000000087100000, 0x0000000087100000| Untracked 
|  68|0x0000000087200000, 0x0000000087200000, 0x0000000087300000|  0%| F|  |TAMS 0x0000000087200000, 0x0000000087200000| Untracked 
|  75|0x0000000087900000, 0x000000008792a078, 0x0000000087a00000| 16%| E|  |TAMS 0x0000000087900000, 0x0000000087900000| Complete 
|  76|0x0000000087a00000, 0x0000000087b00000, 0x0000000087b00000|100%| E|CS|TAMS 0x0000000087a00000, 0x0000000087a00000| Complete 
|  77|0x0000000087b00000, 0x0000000087c00000, 0x0000000087c00000|100%| E|CS|TAMS 0x0000000087b00000, 0x0000000087b00000| Complete 
|  78|0x0000000087c00000, 0x0000000087d00000, 0x0000000087d00000|100%| E|CS|TAMS 0x0000000087c00000, 0x0000000087c00000| Complete 
|  79|0x0000000087d00000, 0x0000000087e00000, 0x0000000087e00000|100%| E|CS|TAMS 0x0000000087d00000, 0x0000000087d00000| Complete 
| 125|0x000000008ab00000, 0x000000008ac00000, 0x000000008ac00000|100%| E|CS|TAMS 0x000000008ab00000, 0x000000008ab00000| Complete 

Card table byte_map: [0x000001f6bd500000,0x000001f6bd8f0000] _byte_map_base: 0x000001f6bd0e9000

Marking Bits (Prev, Next): (CMBitMap*) 0x000001f6a5caafc0, (CMBitMap*) 0x000001f6a5cab000
 Prev Bits: [0x000001f6bdce0000, 0x000001f6bfc28000)
 Next Bits: [0x000001f6bfc30000, 0x000001f6c1b78000)

Polling page: 0x000001f6a5410000

Metaspace:

Usage:
  Non-class:     52.68 MB used.
      Class:      7.58 MB used.
       Both:     60.26 MB used.

Virtual space:
  Non-class space:       64.00 MB reserved,      52.94 MB ( 83%) committed,  1 nodes.
      Class space:        1.00 GB reserved,       7.81 MB ( <1%) committed,  1 nodes.
             Both:        1.06 GB reserved,      60.75 MB (  6%) committed. 

Chunk freelists:
   Non-Class:  2.59 MB
       Class:  203.00 KB
        Both:  2.79 MB

MaxMetaspaceSize: unlimited
CompressedClassSpaceSize: 1.00 GB
Initial GC threshold: 21.00 MB
Current GC threshold: 98.06 MB
CDS: on
MetaspaceReclaimPolicy: balanced
 - commit_granule_bytes: 65536.
 - commit_granule_words: 8192.
 - virtual_space_node_default_size: 8388608.
 - enlarge_chunks_in_place: 1.
 - new_chunks_are_fully_committed: 0.
 - uncommit_free_chunks: 1.
 - use_allocation_guard: 0.


Internal statistics:

num_allocs_failed_limit: 9.
num_arena_births: 850.
num_arena_deaths: 230.
num_vsnodes_births: 2.
num_vsnodes_deaths: 0.
num_space_committed: 972.
num_space_uncommitted: 0.
num_chunks_returned_to_freelist: 338.
num_chunks_taken_from_freelist: 3223.
num_chunk_merges: 159.
num_chunk_splits: 2241.
num_chunks_enlarged: 1716.
num_inconsistent_stats: 0.

CodeHeap 'non-profiled nmethods': size=120000Kb used=7215Kb max_used=7215Kb free=112785Kb
 bounds [0x000001f6b5680000, 0x000001f6b5d90000, 0x000001f6bcbb0000]
CodeHeap 'profiled nmethods': size=120000Kb used=16571Kb max_used=19302Kb free=103428Kb
 bounds [0x000001f6adbb0000, 0x000001f6aeea0000, 0x000001f6b50e0000]
CodeHeap 'non-nmethods': size=5760Kb used=1406Kb max_used=1532Kb free=4353Kb
 bounds [0x000001f6b50e0000, 0x000001f6b5350000, 0x000001f6b5680000]
 total_blobs=8945 nmethods=8298 adapters=556
 compilation: enabled
              stopped_count=0, restarted_count=0
 full_count=0

Compilation events (20 events):
Event: 23.380 Thread 0x000001f6c47dd540 nmethod 10877 0x000001f6b5d7e810 code [0x000001f6b5d7e9a0, 0x000001f6b5d7ea58]
Event: 23.380 Thread 0x000001f6c47dd540 10879       4       com.mysql.cj.protocol.a.NativeServerSession::getDefaultTimeZone (27 bytes)
Event: 23.380 Thread 0x000001f6c47dd540 nmethod 10879 0x000001f6b5d7eb10 code [0x000001f6b5d7eca0, 0x000001f6b5d7edb8]
Event: 23.380 Thread 0x000001f6c47dd540 10869       4       org.springframework.web.servlet.DispatcherServlet::getHandler (58 bytes)
Event: 23.568 Thread 0x000001f6c47e6000 10886       3       sun.nio.ch.SocketChannelImpl::isNetSocket (26 bytes)
Event: 23.568 Thread 0x000001f6c47e6000 nmethod 10886 0x000001f6ae59e690 code [0x000001f6ae59e840, 0x000001f6ae59e9f8]
Event: 23.579 Thread 0x000001f6c47dd540 nmethod 10869 0x000001f6b5d7ef10 code [0x000001f6b5d7f320, 0x000001f6b5d82758]
Event: 23.580 Thread 0x000001f6c47dd540 10872       4       sun.util.calendar.ZoneInfo::getOffsets (342 bytes)
Event: 23.584 Thread 0x000001f6c47dd540 nmethod 10872 0x000001f6b5d86390 code [0x000001f6b5d86540, 0x000001f6b5d86848]
Event: 23.584 Thread 0x000001f6c47dd540 10885       4       org.hibernate.loader.plan.exec.internal.EntityLoadQueryDetails$EntityLoaderRowReader::readRow (81 bytes)
Event: 23.628 Thread 0x000001f6c47dd540 nmethod 10885 0x000001f6b5d86c90 code [0x000001f6b5d86ee0, 0x000001f6b5d88008]
Event: 23.629 Thread 0x000001f6c47dd540 10887       4       org.apache.catalina.connector.CoyoteAdapter::checkRecycled (158 bytes)
Event: 23.632 Thread 0x000001f6c47dd540 nmethod 10887 0x000001f6b5d88c10 code [0x000001f6b5d88dc0, 0x000001f6b5d89018]
Event: 23.632 Thread 0x000001f6c47dd540 10888       4       org.springframework.util.MimeType::appendTo (35 bytes)
Event: 23.649 Thread 0x000001f6c47dd540 nmethod 10888 0x000001f6b5d89310 code [0x000001f6b5d89540, 0x000001f6b5d89fc0]
Event: 23.649 Thread 0x000001f6c47dd540 10889       4       java.lang.Integer::toHexString (6 bytes)
Event: 23.655 Thread 0x000001f6c47dd540 nmethod 10889 0x000001f6b5d8a810 code [0x000001f6b5d8a9a0, 0x000001f6b5d8ad38]
Event: 23.655 Thread 0x000001f6c47dd540 10870       4       com.mysql.cj.result.OffsetTimeValueFactory::<init> (11 bytes)
Event: 23.667 Thread 0x000001f6c47dd540 nmethod 10870 0x000001f6b5d8af10 code [0x000001f6b5d8b100, 0x000001f6b5d8b728]
Event: 23.667 Thread 0x000001f6c47dd540 10890   !   4       org.hibernate.loader.plan.exec.internal.AbstractLoadPlanBasedLoader::prepareQueryStatement (428 bytes)

GC Heap History (20 events):
Event: 11.580 GC heap before
{Heap before GC invocations=25 (full 0):
 garbage-first heap   total 76800K, used 63289K [0x0000000082e00000, 0x0000000100000000)
  region size 1024K, 36 young (36864K), 1 survivors (1024K)
 Metaspace       used 61402K, committed 61888K, reserved 1114112K
  class space    used 7721K, committed 8000K, reserved 1048576K
}
Event: 11.583 GC heap after
{Heap after GC invocations=26 (full 0):
 garbage-first heap   total 76800K, used 28781K [0x0000000082e00000, 0x0000000100000000)
  region size 1024K, 1 young (1024K), 1 survivors (1024K)
 Metaspace       used 61402K, committed 61888K, reserved 1114112K
  class space    used 7721K, committed 8000K, reserved 1048576K
}
Event: 12.569 GC heap before
{Heap before GC invocations=26 (full 0):
 garbage-first heap   total 76800K, used 64621K [0x0000000082e00000, 0x0000000100000000)
  region size 1024K, 36 young (36864K), 1 survivors (1024K)
 Metaspace       used 61641K, committed 62080K, reserved 1114112K
  class space    used 7755K, committed 8000K, reserved 1048576K
}
Event: 12.574 GC heap after
{Heap after GC invocations=27 (full 0):
 garbage-first heap   total 76800K, used 28809K [0x0000000082e00000, 0x0000000100000000)
  region size 1024K, 1 young (1024K), 1 survivors (1024K)
 Metaspace       used 61641K, committed 62080K, reserved 1114112K
  class space    used 7755K, committed 8000K, reserved 1048576K
}
Event: 13.217 GC heap before
{Heap before GC invocations=27 (full 0):
 garbage-first heap   total 76800K, used 64649K [0x0000000082e00000, 0x0000000100000000)
  region size 1024K, 36 young (36864K), 1 survivors (1024K)
 Metaspace       used 61641K, committed 62080K, reserved 1114112K
  class space    used 7755K, committed 8000K, reserved 1048576K
}
Event: 13.221 GC heap after
{Heap after GC invocations=28 (full 0):
 garbage-first heap   total 76800K, used 28851K [0x0000000082e00000, 0x0000000100000000)
  region size 1024K, 1 young (1024K), 1 survivors (1024K)
 Metaspace       used 61641K, committed 62080K, reserved 1114112K
  class space    used 7755K, committed 8000K, reserved 1048576K
}
Event: 14.324 GC heap before
{Heap before GC invocations=28 (full 0):
 garbage-first heap   total 76800K, used 65715K [0x0000000082e00000, 0x0000000100000000)
  region size 1024K, 37 young (37888K), 1 survivors (1024K)
 Metaspace       used 61652K, committed 62144K, reserved 1114112K
  class space    used 7756K, committed 8000K, reserved 1048576K
}
Event: 14.330 GC heap after
{Heap after GC invocations=29 (full 0):
 garbage-first heap   total 76800K, used 28843K [0x0000000082e00000, 0x0000000100000000)
  region size 1024K, 1 young (1024K), 1 survivors (1024K)
 Metaspace       used 61652K, committed 62144K, reserved 1114112K
  class space    used 7756K, committed 8000K, reserved 1048576K
}
Event: 15.494 GC heap before
{Heap before GC invocations=29 (full 0):
 garbage-first heap   total 76800K, used 65707K [0x0000000082e00000, 0x0000000100000000)
  region size 1024K, 37 young (37888K), 1 survivors (1024K)
 Metaspace       used 61657K, committed 62144K, reserved 1114112K
  class space    used 7756K, committed 8000K, reserved 1048576K
}
Event: 15.500 GC heap after
{Heap after GC invocations=30 (full 0):
 garbage-first heap   total 76800K, used 28957K [0x0000000082e00000, 0x0000000100000000)
  region size 1024K, 1 young (1024K), 1 survivors (1024K)
 Metaspace       used 61657K, committed 62144K, reserved 1114112K
  class space    used 7756K, committed 8000K, reserved 1048576K
}
Event: 17.031 GC heap before
{Heap before GC invocations=30 (full 0):
 garbage-first heap   total 76800K, used 65821K [0x0000000082e00000, 0x0000000100000000)
  region size 1024K, 37 young (37888K), 1 survivors (1024K)
 Metaspace       used 61659K, committed 62144K, reserved 1114112K
  class space    used 7756K, committed 8000K, reserved 1048576K
}
Event: 17.035 GC heap after
{Heap after GC invocations=31 (full 0):
 garbage-first heap   total 76800K, used 28952K [0x0000000082e00000, 0x0000000100000000)
  region size 1024K, 1 young (1024K), 1 survivors (1024K)
 Metaspace       used 61659K, committed 62144K, reserved 1114112K
  class space    used 7756K, committed 8000K, reserved 1048576K
}
Event: 18.962 GC heap before
{Heap before GC invocations=31 (full 0):
 garbage-first heap   total 76800K, used 65816K [0x0000000082e00000, 0x0000000100000000)
  region size 1024K, 37 young (37888K), 1 survivors (1024K)
 Metaspace       used 61662K, committed 62208K, reserved 1114112K
  class space    used 7757K, committed 8000K, reserved 1048576K
}
Event: 18.968 GC heap after
{Heap after GC invocations=32 (full 0):
 garbage-first heap   total 76800K, used 28997K [0x0000000082e00000, 0x0000000100000000)
  region size 1024K, 1 young (1024K), 1 survivors (1024K)
 Metaspace       used 61662K, committed 62208K, reserved 1114112K
  class space    used 7757K, committed 8000K, reserved 1048576K
}
Event: 20.441 GC heap before
{Heap before GC invocations=32 (full 0):
 garbage-first heap   total 76800K, used 66885K [0x0000000082e00000, 0x0000000100000000)
  region size 1024K, 38 young (38912K), 1 survivors (1024K)
 Metaspace       used 61666K, committed 62208K, reserved 1114112K
  class space    used 7758K, committed 8000K, reserved 1048576K
}
Event: 20.447 GC heap after
{Heap after GC invocations=33 (full 0):
 garbage-first heap   total 76800K, used 28998K [0x0000000082e00000, 0x0000000100000000)
  region size 1024K, 1 young (1024K), 1 survivors (1024K)
 Metaspace       used 61666K, committed 62208K, reserved 1114112K
  class space    used 7758K, committed 8000K, reserved 1048576K
}
Event: 22.242 GC heap before
{Heap before GC invocations=33 (full 0):
 garbage-first heap   total 76800K, used 66886K [0x0000000082e00000, 0x0000000100000000)
  region size 1024K, 38 young (38912K), 1 survivors (1024K)
 Metaspace       used 61706K, committed 62208K, reserved 1114112K
  class space    used 7761K, committed 8000K, reserved 1048576K
}
Event: 22.247 GC heap after
{Heap after GC invocations=34 (full 0):
 garbage-first heap   total 76800K, used 29014K [0x0000000082e00000, 0x0000000100000000)
  region size 1024K, 1 young (1024K), 1 survivors (1024K)
 Metaspace       used 61706K, committed 62208K, reserved 1114112K
  class space    used 7761K, committed 8000K, reserved 1048576K
}
Event: 23.755 GC heap before
{Heap before GC invocations=34 (full 0):
 garbage-first heap   total 76800K, used 66902K [0x0000000082e00000, 0x0000000100000000)
  region size 1024K, 38 young (38912K), 1 survivors (1024K)
 Metaspace       used 61708K, committed 62208K, reserved 1114112K
  class space    used 7761K, committed 8000K, reserved 1048576K
}
Event: 23.759 GC heap after
{Heap after GC invocations=35 (full 0):
 garbage-first heap   total 76800K, used 29046K [0x0000000082e00000, 0x0000000100000000)
  region size 1024K, 1 young (1024K), 1 survivors (1024K)
 Metaspace       used 61708K, committed 62208K, reserved 1114112K
  class space    used 7761K, committed 8000K, reserved 1048576K
}

Dll operation events (11 events):
Event: 0.006 Loaded shared library C:\Program Files\Java\jdk-19\bin\java.dll
Event: 0.014 Loaded shared library C:\Program Files\Java\jdk-19\bin\jsvml.dll
Event: 0.073 Loaded shared library C:\Program Files\Java\jdk-19\bin\net.dll
Event: 0.075 Loaded shared library C:\Program Files\Java\jdk-19\bin\nio.dll
Event: 0.079 Loaded shared library C:\Program Files\Java\jdk-19\bin\zip.dll
Event: 0.266 Loaded shared library C:\Program Files\Java\jdk-19\bin\verify.dll
Event: 0.270 Loaded shared library C:\Program Files\Java\jdk-19\bin\jimage.dll
Event: 0.796 Loaded shared library C:\Program Files\Java\jdk-19\bin\management.dll
Event: 0.802 Loaded shared library C:\Program Files\Java\jdk-19\bin\management_ext.dll
Event: 3.862 Loaded shared library C:\Program Files\Java\jdk-19\bin\sunmscapi.dll
Event: 4.998 Loaded shared library C:\Program Files\Java\jdk-19\bin\extnet.dll

Deoptimization events (20 events):
Event: 14.922 Thread 0x000001f6cb83d710 Uncommon trap: trap_request=0xffffffcc fr.pc=0x000001f6b5a97398 relative=0x0000000000000378
Event: 14.923 Thread 0x000001f6cb83d710 Uncommon trap: reason=intrinsic_or_type_checked_inlining action=make_not_entrant pc=0x000001f6b5a97398 method=java.util.ArrayList.toArray([Ljava/lang/Object;)[Ljava/lang/Object; @ 36 c2
Event: 14.923 Thread 0x000001f6cb83d710 DEOPT PACKING pc=0x000001f6b5a97398 sp=0x000000a5c1bfac90
Event: 14.923 Thread 0x000001f6cb83d710 DEOPT UNPACKING pc=0x000001f6b5146da3 sp=0x000000a5c1bfac70 mode 2
Event: 16.473 Thread 0x000001f6cbc74500 Uncommon trap: trap_request=0xffffffbe fr.pc=0x000001f6b5c34160 relative=0x0000000000000a60
Event: 16.473 Thread 0x000001f6cbc79a00 Uncommon trap: trap_request=0xffffffbe fr.pc=0x000001f6b5c34160 relative=0x0000000000000a60
Event: 16.473 Thread 0x000001f6cbc74500 Uncommon trap: reason=profile_predicate action=maybe_recompile pc=0x000001f6b5c34160 method=org.springframework.web.servlet.mvc.method.annotation.AbstractMessageConverterMethodProcessor.getProducibleMediaTypes(Ljavax/servlet/http/HttpServletRequest;Ljava/
Event: 16.473 Thread 0x000001f6cbc79a00 Uncommon trap: reason=profile_predicate action=maybe_recompile pc=0x000001f6b5c34160 method=org.springframework.web.servlet.mvc.method.annotation.AbstractMessageConverterMethodProcessor.getProducibleMediaTypes(Ljavax/servlet/http/HttpServletRequest;Ljava/
Event: 16.473 Thread 0x000001f6cbc754f0 Uncommon trap: trap_request=0xffffffbe fr.pc=0x000001f6b5c34160 relative=0x0000000000000a60
Event: 16.473 Thread 0x000001f6cbc764e0 Uncommon trap: trap_request=0xffffffbe fr.pc=0x000001f6b5c34160 relative=0x0000000000000a60
Event: 16.473 Thread 0x000001f6cbc79a00 DEOPT PACKING pc=0x000001f6b5c34160 sp=0x000000a5c1efc9e0
Event: 16.473 Thread 0x000001f6cbc74500 DEOPT PACKING pc=0x000001f6b5c34160 sp=0x000000a5c20fcfb0
Event: 16.473 Thread 0x000001f6cbc754f0 Uncommon trap: reason=profile_predicate action=maybe_recompile pc=0x000001f6b5c34160 method=org.springframework.web.servlet.mvc.method.annotation.AbstractMessageConverterMethodProcessor.getProducibleMediaTypes(Ljavax/servlet/http/HttpServletRequest;Ljava/
Event: 16.473 Thread 0x000001f6cbc754f0 DEOPT PACKING pc=0x000001f6b5c34160 sp=0x000000a5c04fc950
Event: 16.473 Thread 0x000001f6cbc74500 DEOPT UNPACKING pc=0x000001f6b5146da3 sp=0x000000a5c20fcf80 mode 2
Event: 16.473 Thread 0x000001f6cbc79a00 DEOPT UNPACKING pc=0x000001f6b5146da3 sp=0x000000a5c1efc9b0 mode 2
Event: 16.473 Thread 0x000001f6cbc754f0 DEOPT UNPACKING pc=0x000001f6b5146da3 sp=0x000000a5c04fc920 mode 2
Event: 16.473 Thread 0x000001f6cbc764e0 Uncommon trap: reason=profile_predicate action=maybe_recompile pc=0x000001f6b5c34160 method=org.springframework.web.servlet.mvc.method.annotation.AbstractMessageConverterMethodProcessor.getProducibleMediaTypes(Ljavax/servlet/http/HttpServletRequest;Ljava/
Event: 16.473 Thread 0x000001f6cbc764e0 DEOPT PACKING pc=0x000001f6b5c34160 sp=0x000000a5c26fc970
Event: 16.473 Thread 0x000001f6cbc764e0 DEOPT UNPACKING pc=0x000001f6b5146da3 sp=0x000000a5c26fc940 mode 2

Classes loaded (20 events):
Event: 7.646 Loading class org/w3c/dom/Document
Event: 7.646 Loading class org/w3c/dom/Document done
Event: 7.678 Loading class java/util/concurrent/atomic/AtomicReferenceArray
Event: 7.679 Loading class java/util/concurrent/atomic/AtomicReferenceArray done
Event: 7.679 Loading class java/lang/invoke/VarHandleReferences$Array
Event: 7.679 Loading class java/lang/invoke/VarHandleReferences$Array done
Event: 7.691 Loading class java/nio/StringCharBuffer
Event: 7.692 Loading class java/nio/StringCharBuffer done
Event: 7.694 Loading class sun/nio/cs/ISO_8859_1$Encoder
Event: 7.694 Loading class sun/nio/cs/ISO_8859_1$Encoder done
Event: 7.694 Loading class sun/nio/cs/Surrogate$Parser
Event: 7.694 Loading class sun/nio/cs/Surrogate$Parser done
Event: 7.694 Loading class sun/nio/cs/Surrogate
Event: 7.694 Loading class sun/nio/cs/Surrogate done
Event: 7.872 Loading class java/lang/foreign/MemorySegment
Event: 7.873 Loading class java/lang/foreign/Addressable
Event: 7.873 Loading class java/lang/foreign/Addressable done
Event: 7.874 Loading class java/lang/foreign/MemorySegment done
Event: 12.162 Loading class sun/util/locale/LocaleExtensions
Event: 12.163 Loading class sun/util/locale/LocaleExtensions done

Classes unloaded (20 events):
Event: 8.874 Thread 0x000001f6c47b4880 Unloading class 0x0000000801761000 'java/lang/invoke/LambdaForm$MH+0x0000000801761000'
Event: 8.874 Thread 0x000001f6c47b4880 Unloading class 0x0000000801761400 'java/lang/invoke/LambdaForm$MH+0x0000000801761400'
Event: 8.874 Thread 0x000001f6c47b4880 Unloading class 0x0000000801760c00 'java/lang/invoke/LambdaForm$MH+0x0000000801760c00'
Event: 8.874 Thread 0x000001f6c47b4880 Unloading class 0x0000000801760000 'java/lang/invoke/LambdaForm$MH+0x0000000801760000'
Event: 8.874 Thread 0x000001f6c47b4880 Unloading class 0x000000080175fc00 'java/lang/invoke/LambdaForm$MH+0x000000080175fc00'
Event: 8.874 Thread 0x000001f6c47b4880 Unloading class 0x0000000801760400 'java/lang/invoke/LambdaForm$MH+0x0000000801760400'
Event: 8.874 Thread 0x000001f6c47b4880 Unloading class 0x000000080175f800 'java/lang/invoke/LambdaForm$MH+0x000000080175f800'
Event: 8.874 Thread 0x000001f6c47b4880 Unloading class 0x000000080175f000 'java/lang/invoke/LambdaForm$MH+0x000000080175f000'
Event: 8.874 Thread 0x000001f6c47b4880 Unloading class 0x000000080175ec00 'java/lang/invoke/LambdaForm$MH+0x000000080175ec00'
Event: 8.874 Thread 0x000001f6c47b4880 Unloading class 0x000000080175f400 'java/lang/invoke/LambdaForm$MH+0x000000080175f400'
Event: 8.874 Thread 0x000001f6c47b4880 Unloading class 0x000000080175e800 'java/lang/invoke/LambdaForm$MH+0x000000080175e800'
Event: 8.875 Thread 0x000001f6c47b4880 Unloading class 0x000000080175e400 'java/lang/invoke/LambdaForm$DMH+0x000000080175e400'
Event: 8.875 Thread 0x000001f6c47b4880 Unloading class 0x000000080175e000 'java/lang/invoke/LambdaForm$DMH+0x000000080175e000'
Event: 8.875 Thread 0x000001f6c47b4880 Unloading class 0x000000080175dc00 'java/lang/invoke/LambdaForm$DMH+0x000000080175dc00'
Event: 8.875 Thread 0x000001f6c47b4880 Unloading class 0x000000080175d800 'java/lang/invoke/LambdaForm$DMH+0x000000080175d800'
Event: 8.875 Thread 0x000001f6c47b4880 Unloading class 0x000000080175d400 'java/lang/invoke/LambdaForm$DMH+0x000000080175d400'
Event: 8.875 Thread 0x000001f6c47b4880 Unloading class 0x000000080175d000 'java/lang/invoke/LambdaForm$DMH+0x000000080175d000'
Event: 8.875 Thread 0x000001f6c47b4880 Unloading class 0x000000080175c800 'java/lang/invoke/LambdaForm$DMH+0x000000080175c800'
Event: 8.875 Thread 0x000001f6c47b4880 Unloading class 0x000000080175cc00 'java/lang/invoke/LambdaForm$DMH+0x000000080175cc00'
Event: 8.875 Thread 0x000001f6c47b4880 Unloading class 0x000000080175c400 'java/lang/invoke/LambdaForm$DMH+0x000000080175c400'

Classes redefined (0 events):
No events

Internal exceptions (20 events):
Event: 7.582 Thread 0x000001f6cbc74a50 Exception <a 'java/lang/NoSuchMethodError'{0x0000000085b12dd0}: 'void java.lang.invoke.Invokers$Holder.invokeExact_MT(java.lang.Object, java.lang.Object, double, java.lang.Object)'> (0x0000000085b12dd0) 
thrown [s\open\src\hotspot\share\interpreter\linkResolver.cpp, line 774]
Event: 7.582 Thread 0x000001f6cbc77a20 Exception <a 'java/lang/NoSuchMethodError'{0x0000000085b65050}: 'void java.lang.invoke.Invokers$Holder.invokeExact_MT(java.lang.Object, java.lang.Object, double, java.lang.Object)'> (0x0000000085b65050) 
thrown [s\open\src\hotspot\share\interpreter\linkResolver.cpp, line 774]
Event: 7.582 Thread 0x000001f6cbc784c0 Exception <a 'java/lang/NoSuchMethodError'{0x0000000085beecb0}: 'void java.lang.invoke.Invokers$Holder.invokeExact_MT(java.lang.Object, java.lang.Object, double, java.lang.Object)'> (0x0000000085beecb0) 
thrown [s\open\src\hotspot\share\interpreter\linkResolver.cpp, line 774]
Event: 7.582 Thread 0x000001f6cbc79a00 Exception <a 'java/lang/NoSuchMethodError'{0x0000000085cea3d8}: 'void java.lang.invoke.Invokers$Holder.invokeExact_MT(java.lang.Object, java.lang.Object, double, java.lang.Object)'> (0x0000000085cea3d8) 
thrown [s\open\src\hotspot\share\interpreter\linkResolver.cpp, line 774]
Event: 7.688 Thread 0x000001f6cbc754f0 Exception <a 'java/lang/NoSuchMethodError'{0x000000008560df60}: 'double java.lang.invoke.DirectMethodHandle$Holder.invokeVirtual(java.lang.Object, java.lang.Object)'> (0x000000008560df60) 
thrown [s\open\src\hotspot\share\interpreter\linkResolver.cpp, line 774]
Event: 7.688 Thread 0x000001f6cb83dc60 Exception <a 'java/lang/NoSuchMethodError'{0x000000008574ce18}: 'double java.lang.invoke.DirectMethodHandle$Holder.invokeVirtual(java.lang.Object, java.lang.Object)'> (0x000000008574ce18) 
thrown [s\open\src\hotspot\share\interpreter\linkResolver.cpp, line 774]
Event: 7.688 Thread 0x000001f6cbc74500 Exception <a 'java/lang/NoSuchMethodError'{0x00000000857885b0}: 'double java.lang.invoke.DirectMethodHandle$Holder.invokeVirtual(java.lang.Object, java.lang.Object)'> (0x00000000857885b0) 
thrown [s\open\src\hotspot\share\interpreter\linkResolver.cpp, line 774]
Event: 7.688 Thread 0x000001f6cb83cc70 Exception <a 'java/lang/NoSuchMethodError'{0x00000000857ff820}: 'double java.lang.invoke.DirectMethodHandle$Holder.invokeVirtual(java.lang.Object, java.lang.Object)'> (0x00000000857ff820) 
thrown [s\open\src\hotspot\share\interpreter\linkResolver.cpp, line 774]
Event: 7.688 Thread 0x000001f6cbc784c0 Exception <a 'java/lang/NoSuchMethodError'{0x00000000857bf320}: 'double java.lang.invoke.DirectMethodHandle$Holder.invokeVirtual(java.lang.Object, java.lang.Object)'> (0x00000000857bf320) 
thrown [s\open\src\hotspot\share\interpreter\linkResolver.cpp, line 774]
Event: 7.688 Thread 0x000001f6cbc77f70 Exception <a 'java/lang/NoSuchMethodError'{0x00000000857acd58}: 'double java.lang.invoke.DirectMethodHandle$Holder.invokeVirtual(java.lang.Object, java.lang.Object)'> (0x00000000857acd58) 
thrown [s\open\src\hotspot\share\interpreter\linkResolver.cpp, line 774]
Event: 7.688 Thread 0x000001f6cbc77a20 Exception <a 'java/lang/NoSuchMethodError'{0x00000000857de850}: 'double java.lang.invoke.DirectMethodHandle$Holder.invokeVirtual(java.lang.Object, java.lang.Object)'> (0x00000000857de850) 
thrown [s\open\src\hotspot\share\interpreter\linkResolver.cpp, line 774]
Event: 7.688 Thread 0x000001f6cbc79a00 Exception <a 'java/lang/NoSuchMethodError'{0x0000000085630be8}: 'double java.lang.invoke.DirectMethodHandle$Holder.invokeVirtual(java.lang.Object, java.lang.Object)'> (0x0000000085630be8) 
thrown [s\open\src\hotspot\share\interpreter\linkResolver.cpp, line 774]
Event: 7.688 Thread 0x000001f6cbc74a50 Exception <a 'java/lang/NoSuchMethodError'{0x0000000085775fd0}: 'double java.lang.invoke.DirectMethodHandle$Holder.invokeVirtual(java.lang.Object, java.lang.Object)'> (0x0000000085775fd0) 
thrown [s\open\src\hotspot\share\interpreter\linkResolver.cpp, line 774]
Event: 7.688 Thread 0x000001f6cb83fc40 Exception <a 'java/lang/NoSuchMethodError'{0x00000000857312c8}: 'double java.lang.invoke.DirectMethodHandle$Holder.invokeVirtual(java.lang.Object, java.lang.Object)'> (0x00000000857312c8) 
thrown [s\open\src\hotspot\share\interpreter\linkResolver.cpp, line 774]
Event: 11.659 Thread 0x000001f6cbc78a10 Implicit null exception at 0x000001f6b5a87a76 to 0x000001f6b5a88744
Event: 11.659 Thread 0x000001f6cbc74a50 Implicit null exception at 0x000001f6b5a87a76 to 0x000001f6b5a88744
Event: 11.659 Thread 0x000001f6cbc78a10 Implicit null exception at 0x000001f6b5ad6115 to 0x000001f6b5ad647c
Event: 11.659 Thread 0x000001f6cbc74a50 Implicit null exception at 0x000001f6b5ad6115 to 0x000001f6b5ad647c
Event: 11.659 Thread 0x000001f6cbc78a10 Implicit null exception at 0x000001f6b5ac6ed0 to 0x000001f6b5ac6f88
Event: 11.659 Thread 0x000001f6cbc74a50 Implicit null exception at 0x000001f6b5ac6ed0 to 0x000001f6b5ac6f88

VM Operations (20 events):
Event: 16.510 Executing VM operation: Cleanup
Event: 16.511 Executing VM operation: Cleanup done
Event: 17.030 Executing VM operation: G1CollectForAllocation
Event: 17.036 Executing VM operation: G1CollectForAllocation done
Event: 18.014 Executing VM operation: HandshakeAllThreads
Event: 18.014 Executing VM operation: HandshakeAllThreads done
Event: 18.961 Executing VM operation: G1CollectForAllocation
Event: 18.970 Executing VM operation: G1CollectForAllocation done
Event: 19.979 Executing VM operation: Cleanup
Event: 19.980 Executing VM operation: Cleanup done
Event: 20.441 Executing VM operation: G1CollectForAllocation
Event: 20.447 Executing VM operation: G1CollectForAllocation done
Event: 21.451 Executing VM operation: Cleanup
Event: 21.452 Executing VM operation: Cleanup done
Event: 22.242 Executing VM operation: G1CollectForAllocation
Event: 22.247 Executing VM operation: G1CollectForAllocation done
Event: 23.249 Executing VM operation: Cleanup
Event: 23.250 Executing VM operation: Cleanup done
Event: 23.755 Executing VM operation: G1CollectForAllocation
Event: 23.759 Executing VM operation: G1CollectForAllocation done

Events (20 events):
Event: 14.418 Thread 0x000001f6c47f22e0 flushing nmethod 0x000001f6aed3bb10
Event: 14.418 Thread 0x000001f6c47f22e0 flushing nmethod 0x000001f6aed3d010
Event: 14.418 Thread 0x000001f6c47f22e0 flushing nmethod 0x000001f6aed3d990
Event: 14.418 Thread 0x000001f6c47f22e0 flushing nmethod 0x000001f6aed57b10
Event: 17.161 Thread 0x000001f6cc791e30 Thread exited: 0x000001f6cc791e30
Event: 18.021 Thread 0x000001f6c47f22e0 flushing nmethod 0x000001f6b5b90290
Event: 18.026 Thread 0x000001f6c47f22e0 flushing nmethod 0x000001f6adda5910
Event: 18.032 Thread 0x000001f6c47f22e0 flushing nmethod 0x000001f6ae0a8290
Event: 18.041 Thread 0x000001f6c47f22e0 flushing nmethod 0x000001f6ae6cb210
Event: 18.041 Thread 0x000001f6c47f22e0 flushing nmethod 0x000001f6ae711110
Event: 18.042 Thread 0x000001f6c47f22e0 flushing nmethod 0x000001f6ae780e90
Event: 18.042 Thread 0x000001f6c47f22e0 flushing nmethod 0x000001f6ae7a6c90
Event: 18.043 Thread 0x000001f6c47f22e0 flushing nmethod 0x000001f6ae900c90
Event: 18.043 Thread 0x000001f6c47f22e0 flushing nmethod 0x000001f6ae906a90
Event: 18.043 Thread 0x000001f6c47f22e0 flushing nmethod 0x000001f6ae90a010
Event: 18.044 Thread 0x000001f6c47f22e0 flushing nmethod 0x000001f6ae93e990
Event: 18.045 Thread 0x000001f6c47f22e0 flushing nmethod 0x000001f6aea61e90
Event: 18.045 Thread 0x000001f6c47f22e0 flushing nmethod 0x000001f6aea62d10
Event: 18.045 Thread 0x000001f6c47f22e0 flushing nmethod 0x000001f6aea68110
Event: 18.045 Thread 0x000001f6c47f22e0 flushing nmethod 0x000001f6aea7d290


Dynamic libraries:
0x00007ff7666a0000 - 0x00007ff7666b0000 	C:\Program Files\Java\jdk-19\bin\java.exe
0x00007ffe88110000 - 0x00007ffe88304000 	C:\Windows\SYSTEM32\ntdll.dll
0x00007ffe4ff80000 - 0x00007ffe4ff97000 	C:\Program Files\AVG\Antivirus\aswhook.dll
0x00007ffe861f0000 - 0x00007ffe862ad000 	C:\Windows\System32\KERNEL32.DLL
0x00007ffe85dd0000 - 0x00007ffe86097000 	C:\Windows\System32\KERNELBASE.dll
0x00007ffe85860000 - 0x00007ffe85960000 	C:\Windows\System32\ucrtbase.dll
0x00007ffe830d0000 - 0x00007ffe830e8000 	C:\Program Files\Java\jdk-19\bin\jli.dll
0x00007ffe72c70000 - 0x00007ffe72c8b000 	C:\Program Files\Java\jdk-19\bin\VCRUNTIME140.dll
0x00007ffe878a0000 - 0x00007ffe8794a000 	C:\Windows\System32\ADVAPI32.dll
0x00007ffe862b0000 - 0x00007ffe8634e000 	C:\Windows\System32\msvcrt.dll
0x00007ffe87680000 - 0x00007ffe8771b000 	C:\Windows\System32\sechost.dll
0x00007ffe87950000 - 0x00007ffe87a73000 	C:\Windows\System32\RPCRT4.dll
0x00007ffe86470000 - 0x00007ffe86610000 	C:\Windows\System32\USER32.dll
0x00007ffe62db0000 - 0x00007ffe6304a000 	C:\Windows\WinSxS\amd64_microsoft.windows.common-controls_6595b64144ccf1df_6.0.19041.1_none_b555e41d4684ddec\COMCTL32.dll
0x00007ffe85960000 - 0x00007ffe85982000 	C:\Windows\System32\win32u.dll
0x00007ffe867d0000 - 0x00007ffe867fa000 	C:\Windows\System32\GDI32.dll
0x00007ffe859c0000 - 0x00007ffe85ac9000 	C:\Windows\System32\gdi32full.dll
0x00007ffe85c80000 - 0x00007ffe85d1d000 	C:\Windows\System32\msvcp_win.dll
0x00007ffe80970000 - 0x00007ffe8097a000 	C:\Windows\SYSTEM32\VERSION.dll
0x00007ffe86800000 - 0x00007ffe86830000 	C:\Windows\System32\IMM32.DLL
0x00007ffe80d60000 - 0x00007ffe80d6c000 	C:\Program Files\Java\jdk-19\bin\vcruntime140_1.dll
0x00007ffe48db0000 - 0x00007ffe48e3e000 	C:\Program Files\Java\jdk-19\bin\msvcp140.dll
0x00007ffe448b0000 - 0x00007ffe45570000 	C:\Program Files\Java\jdk-19\bin\server\jvm.dll
0x00007ffe66f30000 - 0x00007ffe66f57000 	C:\Windows\SYSTEM32\WINMM.dll
0x00007ffe7a200000 - 0x00007ffe7a209000 	C:\Windows\SYSTEM32\WSOCK32.dll
0x00007ffe87720000 - 0x00007ffe8778b000 	C:\Windows\System32\WS2_32.dll
0x00007ffe837d0000 - 0x00007ffe837e3000 	C:\Windows\SYSTEM32\kernel.appcore.dll
0x00007ffe767f0000 - 0x00007ffe767fa000 	C:\Program Files\Java\jdk-19\bin\jimage.dll
0x00007ffe7d0c0000 - 0x00007ffe7d2a4000 	C:\Windows\SYSTEM32\DBGHELP.DLL
0x00007ffe7cfa0000 - 0x00007ffe7cfcc000 	C:\Windows\SYSTEM32\dbgcore.DLL
0x00007ffe860a0000 - 0x00007ffe8611f000 	C:\Windows\System32\bcryptPrimitives.dll
0x00007ffe53a30000 - 0x00007ffe53a56000 	C:\Program Files\Java\jdk-19\bin\java.dll
0x00007ffe46ae0000 - 0x00007ffe46bb7000 	C:\Program Files\Java\jdk-19\bin\jsvml.dll
0x00007ffe86980000 - 0x00007ffe870b1000 	C:\Windows\System32\SHELL32.dll
0x00007ffe839d0000 - 0x00007ffe8415a000 	C:\Windows\SYSTEM32\windows.storage.dll
0x00007ffe87a80000 - 0x00007ffe87dd4000 	C:\Windows\System32\combase.dll
0x00007ffe85140000 - 0x00007ffe8516b000 	C:\Windows\SYSTEM32\Wldp.dll
0x00007ffe87790000 - 0x00007ffe8783e000 	C:\Windows\System32\SHCORE.dll
0x00007ffe86770000 - 0x00007ffe867c5000 	C:\Windows\System32\shlwapi.dll
0x00007ffe857a0000 - 0x00007ffe857bf000 	C:\Windows\SYSTEM32\profapi.dll
0x00007ffe72900000 - 0x00007ffe72913000 	C:\Program Files\Java\jdk-19\bin\net.dll
0x00007ffe7f780000 - 0x00007ffe7f880000 	C:\Windows\SYSTEM32\WINHTTP.dll
0x00007ffe84f30000 - 0x00007ffe84f9a000 	C:\Windows\system32\mswsock.dll
0x00007ffe5a180000 - 0x00007ffe5a196000 	C:\Program Files\Java\jdk-19\bin\nio.dll
0x00007ffe592d0000 - 0x00007ffe592e8000 	C:\Program Files\Java\jdk-19\bin\zip.dll
0x00007ffe742f0000 - 0x00007ffe74300000 	C:\Program Files\Java\jdk-19\bin\verify.dll
0x00007ffe6a5b0000 - 0x00007ffe6a5ba000 	C:\Program Files\Java\jdk-19\bin\management.dll
0x00007ffe681b0000 - 0x00007ffe681bb000 	C:\Program Files\Java\jdk-19\bin\management_ext.dll
0x00007ffe870c0000 - 0x00007ffe870c8000 	C:\Windows\System32\PSAPI.DLL
0x00007ffe5fdc0000 - 0x00007ffe5fdd7000 	C:\Windows\system32\napinsp.dll
0x00007ffe5fde0000 - 0x00007ffe5fdfb000 	C:\Windows\system32\pnrpnsp.dll
0x00007ffe60060000 - 0x00007ffe60075000 	C:\Windows\system32\wshbth.dll
0x00007ffe81440000 - 0x00007ffe8145d000 	C:\Windows\system32\NLAapi.dll
0x00007ffe84c40000 - 0x00007ffe84c7b000 	C:\Windows\SYSTEM32\IPHLPAPI.DLL
0x00007ffe84c80000 - 0x00007ffe84d4a000 	C:\Windows\SYSTEM32\DNSAPI.dll
0x00007ffe86180000 - 0x00007ffe86189000 	C:\Windows\System32\NSI.dll
0x00007ffe61b50000 - 0x00007ffe61b62000 	C:\Windows\System32\winrnr.dll
0x00007ffe7e710000 - 0x00007ffe7e71a000 	C:\Windows\System32\rasadhlp.dll
0x00007ffe7f1c0000 - 0x00007ffe7f23f000 	C:\Windows\System32\fwpuclnt.dll
0x00007ffe85990000 - 0x00007ffe859b7000 	C:\Windows\System32\bcrypt.dll
0x00007ffe85180000 - 0x00007ffe85198000 	C:\Windows\SYSTEM32\CRYPTSP.dll
0x00007ffe848e0000 - 0x00007ffe84914000 	C:\Windows\system32\rsaenh.dll
0x00007ffe85720000 - 0x00007ffe8574e000 	C:\Windows\SYSTEM32\USERENV.dll
0x00007ffe850b0000 - 0x00007ffe850bc000 	C:\Windows\SYSTEM32\CRYPTBASE.dll
0x00007ffe7fd10000 - 0x00007ffe7fd27000 	C:\Windows\SYSTEM32\dhcpcsvc6.DLL
0x00007ffe7fcf0000 - 0x00007ffe7fd0d000 	C:\Windows\SYSTEM32\dhcpcsvc.DLL
0x00007ffe814f0000 - 0x00007ffe814fe000 	C:\Program Files\Java\jdk-19\bin\sunmscapi.dll
0x00007ffe85ad0000 - 0x00007ffe85c2d000 	C:\Windows\System32\CRYPT32.dll
0x00007ffe85280000 - 0x00007ffe852a7000 	C:\Windows\SYSTEM32\ncrypt.dll
0x00007ffe85220000 - 0x00007ffe8525b000 	C:\Windows\SYSTEM32\NTASN1.dll
0x00007ffe73130000 - 0x00007ffe73138000 	C:\Program Files\Java\jdk-19\bin\extnet.dll
0x00007ffe814e0000 - 0x00007ffe814e7000 	C:\Windows\system32\wshunix.dll

dbghelp: loaded successfully - version: 4.0.5 - missing functions: none
symbol engine: initialized successfully - sym options: 0x614 - pdb path: .;C:\Program Files\Java\jdk-19\bin;C:\Windows\SYSTEM32;C:\Program Files\AVG\Antivirus;C:\Windows\WinSxS\amd64_microsoft.windows.common-controls_6595b64144ccf1df_6.0.19041.1_none_b555e41d4684ddec;C:\Program Files\Java\jdk-19\bin\server

VM Arguments:
java_command: com.example.practica1.Practica1Application
java_class_path (initial): D:\USUARIO\Downloads\practica1\target\classes;C:\Users\USUARIO\.m2\repository\org\springframework\boot\spring-boot-starter-data-jpa\2.7.7\spring-boot-starter-data-jpa-2.7.7.jar;C:\Users\USUARIO\.m2\repository\org\springframework\boot\spring-boot-starter-aop\2.7.7\spring-boot-starter-aop-2.7.7.jar;C:\Users\USUARIO\.m2\repository\org\springframework\spring-aop\5.3.24\spring-aop-5.3.24.jar;C:\Users\USUARIO\.m2\repository\org\aspectj\aspectjweaver\1.9.7\aspectjweaver-1.9.7.jar;C:\Users\USUARIO\.m2\repository\org\springframework\boot\spring-boot-starter-jdbc\2.7.7\spring-boot-starter-jdbc-2.7.7.jar;C:\Users\USUARIO\.m2\repository\com\zaxxer\HikariCP\4.0.3\HikariCP-4.0.3.jar;C:\Users\USUARIO\.m2\repository\org\springframework\spring-jdbc\5.3.24\spring-jdbc-5.3.24.jar;C:\Users\USUARIO\.m2\repository\jakarta\transaction\jakarta.transaction-api\1.3.3\jakarta.transaction-api-1.3.3.jar;C:\Users\USUARIO\.m2\repository\jakarta\persistence\jakarta.persistence-api\2.2.3\jakarta.persistence-api-2.2.3.jar;C:\Users\USUARIO\.m2\repository\org\hibernate\hibernate-core\5.6.14.Final\hibernate-core-5.6.14.Final.jar;C:\Users\USUARIO\.m2\repository\org\jboss\logging\jboss-logging\3.4.3.Final\jboss-logging-3.4.3.Final.jar;C:\Users\USUARIO\.m2\repository\net\bytebuddy\byte-buddy\1.12.20\byte-buddy-1.12.20.jar;C:\Users\USUARIO\.m2\repository\antlr\antlr\2.7.7\antlr-2.7.7.jar;C:\Users\USUARIO\.m2\repository\org\jboss\jandex\2.4.2.Final\jandex-2.4.2.Final.jar;C:\Users\USUARIO\.m2\repository\com\fasterxml\classmate\1.5.1\classmate-1.5.1.jar;C:\Users\USUARIO\.m2\repository\org\hibernate\common\hibernate-commons-annotations\5.1.2.Final\hibernate-commons-annotations-5.1.2.Final.jar;C:\Users\USUARIO\.m2\repository\org\glassfish\jaxb\jaxb-runtime\2.3.7\jaxb-runtime-2.3.7.jar;C:\Users\USUARIO\.m2\repository\org\glassfish\jaxb\txw2\2.3.7\txw2-2.3.7.jar;C:\Users\USUARIO\.m2\repository\com\sun\istack\istack-commons-runtime\3.0.12\istack-commons-runtime-3.0.12.jar;C:\Users\USUARIO\.m2\repository\com\sun\activation\jakarta.activation\1.2.2\jakarta.activation-1.2.2.jar;C:\Users\USUARIO\.m2\repository\org\springframework\data\spring-data-jpa\2.7.6\spring-data-jpa-2.7.6.jar;C:\Users\USUARIO\.m2\repository\org\springframework\data\spring-data-commons\2.7.6\spring-data-commons-2.7.6.jar;C:\Users\USUARIO\.m2\repository\org\springframework\spring-orm\5.3.24\spring-orm-5.3.24.jar;C:\Users\USUARIO\.m2\repository\org\springframework\spring-context\5.3.24\spring-context-5.3.24.jar;C:\Users\USUARIO\.m2\repository\org\springframework\spring-tx\5.3.24\spring-tx-5.3.24.jar;C:\Users\USUARIO\.m2\repository\org\springframework\spring-beans\5.3.24\spring-beans-5.3.24.jar;C:\Users\USUARIO\.m2\repository\org\slf4j\slf4j-api\1.7.36\slf4j-api-1.7.36.jar;C:\Users\USUARIO\.m2\repository\org\springframework\spring-aspects\5.3.24\spring-aspects-5.3.24.jar;C:\Users\USUARIO\.m2\repository\org\springframework\boot\spring-boot-starter-validation\2.7.7\spring-boot-starter-validation-2.7.7.jar;C:\Users\USUARIO\.m2\repository\org\springframework\boot\spring-boot-starter\2.7.7\spring-boot-starter-2.7.7.jar;C:\Users\USUARIO\.m2\repository\org\springframework\boot\spring-boot-starter-logging\2.7.7\spring-boot-starter-logging-2.7.7.jar;C:\Users\USUARIO\.m2\repository\ch\qos\logback\logback-classic\1.2.11\logback-classic-1.2.11.jar;C:\Users\USUARIO\.m2\repository\ch\qos\logback\logback-core\1.2.11\logback-core-1.2.11.jar;C:\Users\USUARIO\.m2\repository\org\apache\logging\log4j\log4j-to-slf4j\2.17.2\log4j-to-slf4j-2.17.2.jar;C:\Users\USUARIO\.m2\repository\org\apache\logging\log4j\log4j-api\2.17.2\log4j-api-2.17.2.jar;C:\Users\USUARIO\.m2\repository\org\slf4j\jul-to-slf4j\1.7.36\jul-to-slf4j-1.7.36.jar;C:\Users\USUARIO\.m2\repository\jakarta\annotation\jakarta.annotation-api\1.3.5\jakarta.annotation-api-1.3.5.jar;C:\Users\USUARIO\.m2\repository\org\yaml\snakeyaml\1.30\snakeyaml-1.30.jar;C:\Users\USUARIO\.m2\repository\org\apache\tomcat\embed\tomcat-embed-el\9.0.70\tomcat-embed-el-9.0.70.jar;C:\Users\USUARIO\.m2\repository\org\hibernate\validator\hibernate-validator\6.2.5.Final\hibernate-validator-6.2.5.Final.jar;C:\Users\USUARIO\.m2\repository\jakarta\validation\jakarta.validation-api\2.0.2\jakarta.validation-api-2.0.2.jar;C:\Users\USUARIO\.m2\repository\org\springframework\boot\spring-boot-starter-web\2.7.7\spring-boot-starter-web-2.7.7.jar;C:\Users\USUARIO\.m2\repository\org\springframework\boot\spring-boot-starter-json\2.7.7\spring-boot-starter-json-2.7.7.jar;C:\Users\USUARIO\.m2\repository\com\fasterxml\jackson\core\jackson-databind\2.13.4.2\jackson-databind-2.13.4.2.jar;C:\Users\USUARIO\.m2\repository\com\fasterxml\jackson\core\jackson-annotations\2.13.4\jackson-annotations-2.13.4.jar;C:\Users\USUARIO\.m2\repository\com\fasterxml\jackson\core\jackson-core\2.13.4\jackson-core-2.13.4.jar;C:\Users\USUARIO\.m2\repository\com\fasterxml\jackson\datatype\jackson-datatype-jdk8\2.13.4\jackson-datatype-jdk8-2.13.4.jar;C:\Users\USUARIO\.m2\repository\com\fasterxml\jackson\datatype\jackson-datatype-jsr310\2.13.4\jackson-datatype-jsr310-2.13.4.jar;C:\Users\USUARIO\.m2\repository\com\fasterxml\jackson\module\jackson-module-parameter-names\2.13.4\jackson-module-parameter-names-2.13.4.jar;C:\Users\USUARIO\.m2\repository\org\springframework\boot\spring-boot-starter-tomcat\2.7.7\spring-boot-starter-tomcat-2.7.7.jar;C:\Users\USUARIO\.m2\repository\org\apache\tomcat\embed\tomcat-embed-core\9.0.70\tomcat-embed-core-9.0.70.jar;C:\Users\USUARIO\.m2\repository\org\apache\tomcat\embed\tomcat-embed-websocket\9.0.70\tomcat-embed-websocket-9.0.70.jar;C:\Users\USUARIO\.m2\repository\org\springframework\spring-web\5.3.24\spring-web-5.3.24.jar;C:\Users\USUARIO\.m2\repository\org\springframework\spring-webmvc\5.3.24\spring-webmvc-5.3.24.jar;C:\Users\USUARIO\.m2\repository\org\springframework\spring-expression\5.3.24\spring-expression-5.3.24.jar;C:\Users\USUARIO\.m2\repository\org\springframework\boot\spring-boot-devtools\2.7.7\spring-boot-devtools-2.7.7.jar;C:\Users\USUARIO\.m2\repository\org\springframework\boot\spring-boot\2.7.7\spring-boot-2.7.7.jar;C:\Users\USUARIO\.m2\repository\org\springframework\boot\spring-boot-autoconfigure\2.7.7\spring-boot-autoconfigure-2.7.7.jar;C:\Users\USUARIO\.m2\repository\com\mysql\mysql-connector-j\8.0.31\mysql-connector-j-8.0.31.jar;C:\Users\USUARIO\.m2\repository\org\projectlombok\lombok\1.18.24\lombok-1.18.24.jar;C:\Users\USUARIO\.m2\repository\jakarta\xml\bind\jakarta.xml.bind-api\2.3.3\jakarta.xml.bind-api-2.3.3.jar;C:\Users\USUARIO\.m2\repository\jakarta\activation\jakarta.activation-api\1.2.2\jakarta.activation-api-1.2.2.jar;C:\Users\USUARIO\.m2\repository\org\springframework\spring-core\5.3.24\spring-core-5.3.24.jar;C:\Users\USUARIO\.m2\repository\org\springframework\spring-jcl\5.3.24\spring-jcl-5.3.24.jar
Launcher Type: SUN_STANDARD

[Global flags]
     intx CICompilerCount                          = 4                                         {product} {ergonomic}
     uint ConcGCThreads                            = 3                                         {product} {ergonomic}
     uint G1ConcRefinementThreads                  = 10                                        {product} {ergonomic}
   size_t G1HeapRegionSize                         = 1048576                                   {product} {ergonomic}
    uintx GCDrainStackTargetSize                   = 64                                        {product} {ergonomic}
   size_t InitialHeapSize                          = 132120576                                 {product} {ergonomic}
   size_t MarkStackSize                            = 4194304                                   {product} {ergonomic}
   size_t MaxHeapSize                              = 2099249152                                {product} {ergonomic}
   size_t MaxNewSize                               = 1259339776                                {product} {ergonomic}
   size_t MinHeapDeltaBytes                        = 1048576                                   {product} {ergonomic}
   size_t MinHeapSize                              = 8388608                                   {product} {ergonomic}
    uintx NonNMethodCodeHeapSize                   = 5839372                                {pd product} {ergonomic}
    uintx NonProfiledCodeHeapSize                  = 122909434                              {pd product} {ergonomic}
    uintx ProfiledCodeHeapSize                     = 122909434                              {pd product} {ergonomic}
    uintx ReservedCodeCacheSize                    = 251658240                              {pd product} {ergonomic}
     bool SegmentedCodeCache                       = true                                      {product} {ergonomic}
   size_t SoftMaxHeapSize                          = 2099249152                             {manageable} {ergonomic}
     bool UseCompressedClassPointers               = true                           {product lp64_product} {ergonomic}
     bool UseCompressedOops                        = true                           {product lp64_product} {ergonomic}
     bool UseG1GC                                  = true                                      {product} {ergonomic}
     bool UseLargePagesIndividualAllocation        = false                                  {pd product} {ergonomic}

Logging:
Log output configuration:
 #0: stdout all=warning uptime,level,tags foldmultilines=false
 #1: stderr all=off uptime,level,tags foldmultilines=false

Environment Variables:
JAVA_HOME=C:\Program Files\Java\jdk-19
PATH=C:\Program Files\Common Files\Oracle\Java\javapath;C:\Windows\system32;C:\Windows;C:\Windows\System32\Wbem;C:\Windows\System32\WindowsPowerShell\v1.0\;C:\Windows\System32\OpenSSH\;C:\Program Files\nodejs\;C:\Program Files\Git\cmd;C:\Program Files\Docker\Docker\resources\bin;C:\Program Files\MongoDB;C:\Users\USUARIO\AppData\Local\Microsoft\WindowsApps;C:\Users\USUARIO\AppData\Local\Programs\Microsoft VS Code\bin;C:\Users\USUARIO\AppData\Roaming\npm;C:\Users\USUARIO\AppData\Local\GitHubDesktop\bin
USERNAME=USUARIO
OS=Windows_NT
PROCESSOR_IDENTIFIER=Intel64 Family 6 Model 165 Stepping 3, GenuineIntel
TMP=C:\Users\USUARIO\AppData\Local\Temp
TEMP=C:\Users\USUARIO\AppData\Local\Temp



---------------  S Y S T E M  ---------------

OS:
 Windows 10 , 64 bit Build 19041 (10.0.19041.207)
OS uptime: 1 days 9:35 hours
Hyper-V role detected

CPU: total 12 (initial active 12) (6 cores per cpu, 2 threads per core) family 6 model 165 stepping 3 microcode 0xea, cx8, cmov, fxsr, ht, mmx, 3dnowpref, sse, sse2, sse3, ssse3, sse4.1, sse4.2, popcnt, lzcnt, tsc, tscinvbit, avx, avx2, aes, erms, clmul, bmi1, bmi2, adx, fma, vzeroupper, clflush, clflushopt, hv, rdtscp

Memory: 4k page, system-wide physical 8004M (427M free)
TotalPageFile size 18553M (AvailPageFile size 4M)
current process WorkingSet (physical memory assigned to process): 279M, peak: 295M
current process commit charge ("private bytes"): 323M, peak: 339M

vm_info: Java HotSpot(TM) 64-Bit Server VM (19.0.1+10-21) for windows-amd64 JRE (19.0.1+10-21), built on 2022-09-14T12:45:06Z by "mach5one" with MS VC++ 17.1 (VS2022)

END.
